<!DOCTYPE html PUBLIC "-//W3C//DTD XHTML 1.1//EN" "http://www.w3.org/TR/xhtml11/DTD/xhtml11.dtd">
<html xmlns="http://www.w3.org/1999/xhtml"><head><title>TestNG Report</title><style type="text/css">table {margin-bottom:10px;border-collapse:collapse;empty-cells:show}th,td {border:1px solid #009;padding:.25em .5em}th {vertical-align:bottom}td {vertical-align:top}table a {font-weight:bold}.stripe td {background-color: #E6EBF9}.num {text-align:right}.passedodd td {background-color: #3F3}.passedeven td {background-color: #0A0}.skippedodd td {background-color: #DDD}.skippedeven td {background-color: #CCC}.failedodd td,.attn {background-color: #F33}.failedeven td,.stripe .attn {background-color: #D00}.stacktrace {white-space:pre;font-family:monospace}.totop {font-size:85%;text-align:center;border-bottom:2px solid #000}</style></head><body><table><tr><th>Test</th><th># Passed</th><th># Skipped</th><th># Failed</th><th>Time (ms)</th><th>Included Groups</th><th>Excluded Groups</th></tr><tr><th colspan="7">Demo Selenium Suite</th></tr><tr><td><a href="#t0">Demo Selenium Tests</a></td><td class="num">2</td><td class="num">0</td><td class="num attn">2</td><td class="num">753</td><td>services</td><td></td></tr></table><table><thead><tr><th>Class</th><th>Method</th><th>Start</th><th>Time (ms)</th></tr></thead><tbody><tr><th colspan="4">Demo Selenium Suite</th></tr></tbody><tbody id="t0"><tr><th colspan="4">Demo Selenium Tests &#8212; failed</th></tr><tr class="failedeven"><td rowspan="1">sample.SampleServicesPost</td><td><a href="#m0">sampleResponseCodePostsTest</a></td><td rowspan="1">1531328646464</td><td rowspan="1">457</td></tr><tr class="failedodd"><td rowspan="1">sample.ServicesSampleTestIT</td><td><a href="#m1">sampleServicesAddressTest</a></td><td rowspan="1">1531328646200</td><td rowspan="1">159</td></tr><tr><th colspan="4">Demo Selenium Tests &#8212; passed</th></tr><tr class="passedeven"><td rowspan="2">sample.ServicesSampleTestIT</td><td><a href="#m2">sampleServicesCityTest</a></td><td rowspan="1">1531328646383</td><td rowspan="1">41</td></tr><tr class="passedeven"><td><a href="#m3">sampleServicesZipCountryTest</a></td><td rowspan="1">1531328646426</td><td rowspan="1">31</td></tr></tbody></table><h2>Demo Selenium Tests</h2><h3 id="m0">sample.SampleServicesPost#sampleResponseCodePostsTest</h3><table class="result"><tr><th>Messages</th></tr><tr><td><div class="messages">FAILURE | NONE | &lt;a target=&apos;_blank&apos; href=&apos;Demo Selenium Suite/sample_SampleServicesPost_sampleResponseCodePostsTestNONE.html&apos;&gt;sample_SampleServicesPost_sampleResponseCodePostsTest&lt;/a&gt; | 0 seconds<br/>FAILURE | NONE | &lt;a target=&apos;_blank&apos; href=&apos;Demo Selenium Suite/sample_SampleServicesPost_sampleResponseCodePostsTestNONE.html&apos;&gt;sample_SampleServicesPost_sampleResponseCodePostsTest&lt;/a&gt; | 0 seconds</div></td></tr><tr><th>Exception</th></tr><tr><td><div class="stacktrace">java.lang.AssertionError: Detailed results found at: sample_SampleServicesPost_sampleResponseCodePostsTestNONE.html expected:&lt;0 errors&gt; but was:&lt;1 errors&gt;
	at com.coveros.selenified.Selenified.finish(Selenified.java:373)
	at sample.SampleServicesPost.sampleResponseCodePostsTest(SampleServicesPost.java:49)
	at java.util.concurrent.FutureTask.run(FutureTask.java:266)
	at java.util.concurrent.ThreadPoolExecutor.runWorker(ThreadPoolExecutor.java:1142)
	at java.util.concurrent.ThreadPoolExecutor$Worker.run(ThreadPoolExecutor.java:617)
	at java.lang.Thread.run(Thread.java:745)
... Removed 17 stack frames</div></td></tr></table><p class="totop"><a href="#summary">back to summary</a></p><h3 id="m1">sample.ServicesSampleTestIT#sampleServicesAddressTest</h3><table class="result"><tr><th>Messages</th></tr><tr><td><div class="messages">FAILURE | NONE | &lt;a target=&apos;_blank&apos; href=&apos;Demo Selenium Suite/sample_ServicesSampleTestIT_sampleServicesAddressTestNONE.html&apos;&gt;sample_ServicesSampleTestIT_sampleServicesAddressTest&lt;/a&gt; | 0 seconds<br/>FAILURE | NONE | &lt;a target=&apos;_blank&apos; href=&apos;Demo Selenium Suite/sample_ServicesSampleTestIT_sampleServicesAddressTestNONE.html&apos;&gt;sample_ServicesSampleTestIT_sampleServicesAddressTest&lt;/a&gt; | 0 seconds</div></td></tr><tr><th>Exception</th></tr><tr><td><div class="stacktrace">java.lang.AssertionError: Detailed results found at: sample_ServicesSampleTestIT_sampleServicesAddressTestNONE.html expected:&lt;0 errors&gt; but was:&lt;1 errors&gt;
	at com.coveros.selenified.Selenified.finish(Selenified.java:358)
	at sample.ServicesSampleTestIT.sampleServicesAddressTest(ServicesSampleTestIT.java:53)
	at java.util.concurrent.FutureTask.run(FutureTask.java:266)
	at java.util.concurrent.ThreadPoolExecutor.runWorker(ThreadPoolExecutor.java:1142)
	at java.util.concurrent.ThreadPoolExecutor$Worker.run(ThreadPoolExecutor.java:617)
	at java.lang.Thread.run(Thread.java:745)
... Removed 17 stack frames</div></td></tr></table><p class="totop"><a href="#summary">back to summary</a></p><h3 id="m2">sample.ServicesSampleTestIT#sampleServicesCityTest</h3><table class="result"><tr><th>Messages</th></tr><tr><td><div class="messages">SUCCESS | NONE | &lt;a target=&apos;_blank&apos; href=&apos;Demo Selenium Suite/sample_ServicesSampleTestIT_sampleServicesCityTestNONE.html&apos;&gt;sample_ServicesSampleTestIT_sampleServicesCityTest&lt;/a&gt; | 0 seconds<br/>SUCCESS | NONE | &lt;a target=&apos;_blank&apos; href=&apos;Demo Selenium Suite/sample_ServicesSampleTestIT_sampleServicesCityTestNONE.html&apos;&gt;sample_ServicesSampleTestIT_sampleServicesCityTest&lt;/a&gt; | 0 seconds</div></td></tr></table><p class="totop"><a href="#summary">back to summary</a></p><h3 id="m3">sample.ServicesSampleTestIT#sampleServicesZipCountryTest</h3><table class="result"><tr><th>Messages</th></tr><tr><td><div class="messages">SUCCESS | NONE | &lt;a target=&apos;_blank&apos; href=&apos;Demo Selenium Suite/sample_ServicesSampleTestIT_sampleServicesZipCountryTestNONE.html&apos;&gt;sample_ServicesSampleTestIT_sampleServicesZipCountryTest&lt;/a&gt; | 0 seconds<br/>SUCCESS | NONE | &lt;a target=&apos;_blank&apos; href=&apos;Demo Selenium Suite/sample_ServicesSampleTestIT_sampleServicesZipCountryTestNONE.html&apos;&gt;sample_ServicesSampleTestIT_sampleServicesZipCountryTest&lt;/a&gt; | 0 seconds</div></td></tr></table><p class="totop"><a href="#summary">back to summary</a></p></body></html>