<?xml version="1.0" encoding="UTF-8"?>
<testng-results skipped="0" failed="2" total="4" passed="2">
  <reporter-output>
    <line>
      <![CDATA[FAILURE | NONE | <a target='_blank' href='Demo Selenium Suite/sample_ServicesSampleTestIT_sampleServicesAddressTestNONE.html'>sample_ServicesSampleTestIT_sampleServicesAddressTest</a> | 0 seconds]]>
    </line>
    <line>
      <![CDATA[FAILURE | NONE | <a target='_blank' href='Demo Selenium Suite/sample_ServicesSampleTestIT_sampleServicesAddressTestNONE.html'>sample_ServicesSampleTestIT_sampleServicesAddressTest</a> | 0 seconds]]>
    </line>
    <line>
      <![CDATA[SUCCESS | NONE | <a target='_blank' href='Demo Selenium Suite/sample_ServicesSampleTestIT_sampleServicesCityTestNONE.html'>sample_ServicesSampleTestIT_sampleServicesCityTest</a> | 0 seconds]]>
    </line>
    <line>
      <![CDATA[SUCCESS | NONE | <a target='_blank' href='Demo Selenium Suite/sample_ServicesSampleTestIT_sampleServicesCityTestNONE.html'>sample_ServicesSampleTestIT_sampleServicesCityTest</a> | 0 seconds]]>
    </line>
    <line>
      <![CDATA[SUCCESS | NONE | <a target='_blank' href='Demo Selenium Suite/sample_ServicesSampleTestIT_sampleServicesZipCountryTestNONE.html'>sample_ServicesSampleTestIT_sampleServicesZipCountryTest</a> | 0 seconds]]>
    </line>
    <line>
      <![CDATA[SUCCESS | NONE | <a target='_blank' href='Demo Selenium Suite/sample_ServicesSampleTestIT_sampleServicesZipCountryTestNONE.html'>sample_ServicesSampleTestIT_sampleServicesZipCountryTest</a> | 0 seconds]]>
    </line>
    <line>
      <![CDATA[FAILURE | NONE | <a target='_blank' href='Demo Selenium Suite/sample_SampleServicesPost_sampleResponseCodePostsTestNONE.html'>sample_SampleServicesPost_sampleResponseCodePostsTest</a> | 0 seconds]]>
    </line>
    <line>
      <![CDATA[FAILURE | NONE | <a target='_blank' href='Demo Selenium Suite/sample_SampleServicesPost_sampleResponseCodePostsTestNONE.html'>sample_SampleServicesPost_sampleResponseCodePostsTest</a> | 0 seconds]]>
    </line>
  </reporter-output>
  <suite name="Demo Selenium Suite" duration-ms="753" started-at="2018-07-11T17:04:06Z" finished-at="2018-07-11T17:04:06Z">
    <groups>
      <group name="services">
        <method signature="SampleServicesPost.sampleResponseCodePostsTest()[pri:0, instance:sample.SampleServicesPost@5034c75a]" name="sampleResponseCodePostsTest" class="sample.SampleServicesPost"/>
        <method signature="ServicesSampleTestIT.sampleServicesAddressTest()[pri:0, instance:sample.ServicesSampleTestIT@643b1d11]" name="sampleServicesAddressTest" class="sample.ServicesSampleTestIT"/>
        <method signature="ServicesSampleTestIT.sampleServicesCityTest()[pri:0, instance:sample.ServicesSampleTestIT@643b1d11]" name="sampleServicesCityTest" class="sample.ServicesSampleTestIT"/>
        <method signature="ServicesSampleTestIT.sampleServicesZipCountryTest()[pri:0, instance:sample.ServicesSampleTestIT@643b1d11]" name="sampleServicesZipCountryTest" class="sample.ServicesSampleTestIT"/>
      </group> <!-- services -->
    </groups>
    <test name="Demo Selenium Tests" duration-ms="753" started-at="2018-07-11T17:04:06Z" finished-at="2018-07-11T17:04:06Z">
      <class name="sample.SampleServicesPost">
        <test-method status="PASS" signature="beforeClass(org.testng.ITestContext)[pri:0, instance:sample.SampleServicesPost@5034c75a]" name="beforeClass" is-config="true" duration-ms="1" started-at="2018-07-11T13:04:06Z" finished-at="2018-07-11T13:04:06Z">
          <params>
            <param index="0">
              <value>
                <![CDATA[org.testng.TestRunner@402a079c]]>
              </value>
            </param>
          </params>
          <reporter-output>
          </reporter-output>
        </test-method> <!-- beforeClass -->
        <test-method status="PASS" signature="startTest([Ljava.lang.Object;, java.lang.reflect.Method, org.testng.ITestContext, org.testng.ITestResult)[pri:0, instance:sample.SampleServicesPost@5034c75a]" name="startTest" is-config="true" duration-ms="5" started-at="2018-07-11T13:04:06Z" finished-at="2018-07-11T13:04:06Z">
          <params>
            <param index="0">
              <value>
                <![CDATA[[Ljava.lang.Object;@59ec2012]]>
              </value>
            </param>
            <param index="1">
              <value>
                <![CDATA[public void sample.SampleServicesPost.sampleResponseCodePostsTest()]]>
              </value>
            </param>
            <param index="2">
              <value>
                <![CDATA[org.testng.TestRunner@402a079c]]>
              </value>
            </param>
            <param index="3">
              <value>
                <![CDATA[[TestResult name=sampleResponseCodePostsTest status=FAILURE method=SampleServicesPost.sampleResponseCodePostsTest()[pri:0, instance:sample.SampleServicesPost@5034c75a] output=FAILURE | NONE | <a target='_blank' href='Demo Selenium Suite/sample_SampleServicesPost_sampleResponseCodePostsTestNONE.html'>sample_SampleServicesPost_sampleResponseCodePostsTest</a> | 0 seconds]]]>
              </value>
            </param>
          </params>
          <reporter-output>
          </reporter-output>
        </test-method> <!-- startTest -->
        <test-method status="FAIL" signature="sampleResponseCodePostsTest()[pri:0, instance:sample.SampleServicesPost@5034c75a]" name="sampleResponseCodePostsTest" duration-ms="457" started-at="2018-07-11T13:04:06Z" description="A test to verify the response code " finished-at="2018-07-11T13:04:06Z">
          <exception class="java.lang.AssertionError">
            <message>
              <![CDATA[Detailed results found at: sample_SampleServicesPost_sampleResponseCodePostsTestNONE.html expected:<0 errors> but was:<1 errors>]]>
            </message>
            <full-stacktrace>
              <![CDATA[java.lang.AssertionError: Detailed results found at: sample_SampleServicesPost_sampleResponseCodePostsTestNONE.html expected:<0 errors> but was:<1 errors>
	at org.testng.AssertJUnit.assertEquals(AssertJUnit.java:101)
	at com.coveros.selenified.Selenified.finish(Selenified.java:373)
	at sample.SampleServicesPost.sampleResponseCodePostsTest(SampleServicesPost.java:49)
	at sun.reflect.NativeMethodAccessorImpl.invoke0(Native Method)
	at sun.reflect.NativeMethodAccessorImpl.invoke(NativeMethodAccessorImpl.java:62)
	at sun.reflect.DelegatingMethodAccessorImpl.invoke(DelegatingMethodAccessorImpl.java:43)
	at java.lang.reflect.Method.invoke(Method.java:498)
	at org.testng.internal.MethodInvocationHelper.invokeMethod(MethodInvocationHelper.java:85)
	at org.testng.internal.Invoker.invokeMethod(Invoker.java:639)
	at org.testng.internal.Invoker.invokeTestMethod(Invoker.java:816)
	at org.testng.internal.Invoker.invokeTestMethods(Invoker.java:1124)
	at org.testng.internal.TestMethodWorker.invokeTestMethods(TestMethodWorker.java:125)
	at org.testng.internal.TestMethodWorker.run(TestMethodWorker.java:108)
	at org.testng.TestRunner.privateRun(TestRunner.java:774)
	at org.testng.TestRunner.run(TestRunner.java:624)
	at org.testng.SuiteRunner.runTest(SuiteRunner.java:359)
	at org.testng.SuiteRunner.access$000(SuiteRunner.java:39)
	at org.testng.SuiteRunner$SuiteWorker.run(SuiteRunner.java:393)
	at org.testng.internal.thread.ThreadUtil$2.call(ThreadUtil.java:64)
	at java.util.concurrent.FutureTask.run(FutureTask.java:266)
	at java.util.concurrent.ThreadPoolExecutor.runWorker(ThreadPoolExecutor.java:1142)
	at java.util.concurrent.ThreadPoolExecutor$Worker.run(ThreadPoolExecutor.java:617)
	at java.lang.Thread.run(Thread.java:745)
]]>
            </full-stacktrace>
          </exception> <!-- java.lang.AssertionError -->
          <reporter-output>
            <line>
              <![CDATA[FAILURE | NONE | <a target='_blank' href='Demo Selenium Suite/sample_SampleServicesPost_sampleResponseCodePostsTestNONE.html'>sample_SampleServicesPost_sampleResponseCodePostsTest</a> | 0 seconds]]>
            </line>
            <line>
              <![CDATA[FAILURE | NONE | <a target='_blank' href='Demo Selenium Suite/sample_SampleServicesPost_sampleResponseCodePostsTestNONE.html'>sample_SampleServicesPost_sampleResponseCodePostsTest</a> | 0 seconds]]>
            </line>
          </reporter-output>
        </test-method> <!-- sampleResponseCodePostsTest -->
        <test-method status="PASS" signature="endTest([Ljava.lang.Object;, java.lang.reflect.Method, org.testng.ITestContext, org.testng.ITestResult)[pri:0, instance:sample.SampleServicesPost@5034c75a]" name="endTest" is-config="true" duration-ms="1" started-at="2018-07-11T13:04:06Z" finished-at="2018-07-11T13:04:06Z">
          <params>
            <param index="0">
              <value>
                <![CDATA[[Ljava.lang.Object;@59ec2012]]>
              </value>
            </param>
            <param index="1">
              <value>
                <![CDATA[public void sample.SampleServicesPost.sampleResponseCodePostsTest()]]>
              </value>
            </param>
            <param index="2">
              <value>
                <![CDATA[org.testng.TestRunner@402a079c]]>
              </value>
            </param>
            <param index="3">
              <value>
                <![CDATA[[TestResult name=sampleResponseCodePostsTest status=FAILURE method=SampleServicesPost.sampleResponseCodePostsTest()[pri:0, instance:sample.SampleServicesPost@5034c75a] output=FAILURE | NONE | <a target='_blank' href='Demo Selenium Suite/sample_SampleServicesPost_sampleResponseCodePostsTestNONE.html'>sample_SampleServicesPost_sampleResponseCodePostsTest</a> | 0 seconds]]]>
              </value>
            </param>
          </params>
          <reporter-output>
          </reporter-output>
        </test-method> <!-- endTest -->
      </class> <!-- sample.SampleServicesPost -->
      <class name="sample.ServicesSampleTestIT">
        <test-method status="PASS" signature="beforeSuite()[pri:0, instance:sample.ServicesSampleTestIT@643b1d11]" name="beforeSuite" is-config="true" duration-ms="23" started-at="2018-07-11T13:04:06Z" finished-at="2018-07-11T13:04:06Z">
          <reporter-output>
          </reporter-output>
        </test-method> <!-- beforeSuite -->
        <test-method status="PASS" signature="beforeClass(org.testng.ITestContext)[pri:0, instance:sample.ServicesSampleTestIT@643b1d11]" name="beforeClass" is-config="true" duration-ms="0" started-at="2018-07-11T13:04:06Z" finished-at="2018-07-11T13:04:06Z">
          <params>
            <param index="0">
              <value>
                <![CDATA[org.testng.TestRunner@402a079c]]>
              </value>
            </param>
          </params>
          <reporter-output>
          </reporter-output>
        </test-method> <!-- beforeClass -->
        <test-method status="PASS" signature="startTest([Ljava.lang.Object;, java.lang.reflect.Method, org.testng.ITestContext, org.testng.ITestResult)[pri:0, instance:sample.ServicesSampleTestIT@643b1d11]" name="startTest" is-config="true" duration-ms="21" started-at="2018-07-11T13:04:06Z" finished-at="2018-07-11T13:04:06Z">
          <params>
            <param index="0">
              <value>
                <![CDATA[[Ljava.lang.Object;@3fee9989]]>
              </value>
            </param>
            <param index="1">
              <value>
                <![CDATA[public void sample.ServicesSampleTestIT.sampleServicesAddressTest()]]>
              </value>
            </param>
            <param index="2">
              <value>
                <![CDATA[org.testng.TestRunner@402a079c]]>
              </value>
            </param>
            <param index="3">
              <value>
                <![CDATA[[TestResult name=sampleServicesAddressTest status=FAILURE method=ServicesSampleTestIT.sampleServicesAddressTest()[pri:0, instance:sample.ServicesSampleTestIT@643b1d11] output=FAILURE | NONE | <a target='_blank' href='Demo Selenium Suite/sample_ServicesSampleTestIT_sampleServicesAddressTestNONE.html'>sample_ServicesSampleTestIT_sampleServicesAddressTest</a> | 0 seconds]]]>
              </value>
            </param>
          </params>
          <reporter-output>
          </reporter-output>
        </test-method> <!-- startTest -->
        <test-method status="FAIL" signature="sampleServicesAddressTest()[pri:0, instance:sample.ServicesSampleTestIT@643b1d11]" name="sampleServicesAddressTest" duration-ms="159" started-at="2018-07-11T13:04:06Z" description="A sample services test to verify the response code" finished-at="2018-07-11T13:04:06Z">
          <exception class="java.lang.AssertionError">
            <message>
              <![CDATA[Detailed results found at: sample_ServicesSampleTestIT_sampleServicesAddressTestNONE.html expected:<0 errors> but was:<1 errors>]]>
            </message>
            <full-stacktrace>
              <![CDATA[java.lang.AssertionError: Detailed results found at: sample_ServicesSampleTestIT_sampleServicesAddressTestNONE.html expected:<0 errors> but was:<1 errors>
	at org.testng.AssertJUnit.assertEquals(AssertJUnit.java:101)
	at com.coveros.selenified.Selenified.finish(Selenified.java:358)
	at sample.ServicesSampleTestIT.sampleServicesAddressTest(ServicesSampleTestIT.java:53)
	at sun.reflect.NativeMethodAccessorImpl.invoke0(Native Method)
	at sun.reflect.NativeMethodAccessorImpl.invoke(NativeMethodAccessorImpl.java:62)
	at sun.reflect.DelegatingMethodAccessorImpl.invoke(DelegatingMethodAccessorImpl.java:43)
	at java.lang.reflect.Method.invoke(Method.java:498)
	at org.testng.internal.MethodInvocationHelper.invokeMethod(MethodInvocationHelper.java:85)
	at org.testng.internal.Invoker.invokeMethod(Invoker.java:639)
	at org.testng.internal.Invoker.invokeTestMethod(Invoker.java:816)
	at org.testng.internal.Invoker.invokeTestMethods(Invoker.java:1124)
	at org.testng.internal.TestMethodWorker.invokeTestMethods(TestMethodWorker.java:125)
	at org.testng.internal.TestMethodWorker.run(TestMethodWorker.java:108)
	at org.testng.TestRunner.privateRun(TestRunner.java:774)
	at org.testng.TestRunner.run(TestRunner.java:624)
	at org.testng.SuiteRunner.runTest(SuiteRunner.java:359)
	at org.testng.SuiteRunner.access$000(SuiteRunner.java:39)
	at org.testng.SuiteRunner$SuiteWorker.run(SuiteRunner.java:393)
	at org.testng.internal.thread.ThreadUtil$2.call(ThreadUtil.java:64)
	at java.util.concurrent.FutureTask.run(FutureTask.java:266)
	at java.util.concurrent.ThreadPoolExecutor.runWorker(ThreadPoolExecutor.java:1142)
	at java.util.concurrent.ThreadPoolExecutor$Worker.run(ThreadPoolExecutor.java:617)
	at java.lang.Thread.run(Thread.java:745)
]]>
            </full-stacktrace>
          </exception> <!-- java.lang.AssertionError -->
          <reporter-output>
            <line>
              <![CDATA[FAILURE | NONE | <a target='_blank' href='Demo Selenium Suite/sample_ServicesSampleTestIT_sampleServicesAddressTestNONE.html'>sample_ServicesSampleTestIT_sampleServicesAddressTest</a> | 0 seconds]]>
            </line>
            <line>
              <![CDATA[FAILURE | NONE | <a target='_blank' href='Demo Selenium Suite/sample_ServicesSampleTestIT_sampleServicesAddressTestNONE.html'>sample_ServicesSampleTestIT_sampleServicesAddressTest</a> | 0 seconds]]>
            </line>
          </reporter-output>
        </test-method> <!-- sampleServicesAddressTest -->
        <test-method status="PASS" signature="endTest([Ljava.lang.Object;, java.lang.reflect.Method, org.testng.ITestContext, org.testng.ITestResult)[pri:0, instance:sample.ServicesSampleTestIT@643b1d11]" name="endTest" is-config="true" duration-ms="1" started-at="2018-07-11T13:04:06Z" finished-at="2018-07-11T13:04:06Z">
          <params>
            <param index="0">
              <value>
                <![CDATA[[Ljava.lang.Object;@3fee9989]]>
              </value>
            </param>
            <param index="1">
              <value>
                <![CDATA[public void sample.ServicesSampleTestIT.sampleServicesAddressTest()]]>
              </value>
            </param>
            <param index="2">
              <value>
                <![CDATA[org.testng.TestRunner@402a079c]]>
              </value>
            </param>
            <param index="3">
              <value>
                <![CDATA[[TestResult name=sampleServicesAddressTest status=FAILURE method=ServicesSampleTestIT.sampleServicesAddressTest()[pri:0, instance:sample.ServicesSampleTestIT@643b1d11] output=FAILURE | NONE | <a target='_blank' href='Demo Selenium Suite/sample_ServicesSampleTestIT_sampleServicesAddressTestNONE.html'>sample_ServicesSampleTestIT_sampleServicesAddressTest</a> | 0 seconds]]]>
              </value>
            </param>
          </params>
          <reporter-output>
          </reporter-output>
        </test-method> <!-- endTest -->
        <test-method status="PASS" signature="startTest([Ljava.lang.Object;, java.lang.reflect.Method, org.testng.ITestContext, org.testng.ITestResult)[pri:0, instance:sample.ServicesSampleTestIT@643b1d11]" name="startTest" is-config="true" duration-ms="9" started-at="2018-07-11T13:04:06Z" finished-at="2018-07-11T13:04:06Z">
          <params>
            <param index="0">
              <value>
                <![CDATA[[Ljava.lang.Object;@73ad2d6]]>
              </value>
            </param>
            <param index="1">
              <value>
                <![CDATA[public void sample.ServicesSampleTestIT.sampleServicesCityTest()]]>
              </value>
            </param>
            <param index="2">
              <value>
                <![CDATA[org.testng.TestRunner@402a079c]]>
              </value>
            </param>
            <param index="3">
              <value>
                <![CDATA[[TestResult name=sampleServicesCityTest status=SUCCESS method=ServicesSampleTestIT.sampleServicesCityTest()[pri:0, instance:sample.ServicesSampleTestIT@643b1d11] output=SUCCESS | NONE | <a target='_blank' href='Demo Selenium Suite/sample_ServicesSampleTestIT_sampleServicesCityTestNONE.html'>sample_ServicesSampleTestIT_sampleServicesCityTest</a> | 0 seconds]]]>
              </value>
            </param>
          </params>
          <reporter-output>
          </reporter-output>
        </test-method> <!-- startTest -->
        <test-method status="PASS" signature="sampleServicesCityTest()[pri:0, instance:sample.ServicesSampleTestIT@643b1d11]" name="sampleServicesCityTest" duration-ms="41" started-at="2018-07-11T13:04:06Z" description="A sample services test to verify the response code" finished-at="2018-07-11T13:04:06Z">
          <reporter-output>
            <line>
              <![CDATA[SUCCESS | NONE | <a target='_blank' href='Demo Selenium Suite/sample_ServicesSampleTestIT_sampleServicesCityTestNONE.html'>sample_ServicesSampleTestIT_sampleServicesCityTest</a> | 0 seconds]]>
            </line>
            <line>
              <![CDATA[SUCCESS | NONE | <a target='_blank' href='Demo Selenium Suite/sample_ServicesSampleTestIT_sampleServicesCityTestNONE.html'>sample_ServicesSampleTestIT_sampleServicesCityTest</a> | 0 seconds]]>
            </line>
          </reporter-output>
        </test-method> <!-- sampleServicesCityTest -->
        <test-method status="PASS" signature="endTest([Ljava.lang.Object;, java.lang.reflect.Method, org.testng.ITestContext, org.testng.ITestResult)[pri:0, instance:sample.ServicesSampleTestIT@643b1d11]" name="endTest" is-config="true" duration-ms="1" started-at="2018-07-11T13:04:06Z" finished-at="2018-07-11T13:04:06Z">
          <params>
            <param index="0">
              <value>
                <![CDATA[[Ljava.lang.Object;@73ad2d6]]>
              </value>
            </param>
            <param index="1">
              <value>
                <![CDATA[public void sample.ServicesSampleTestIT.sampleServicesCityTest()]]>
              </value>
            </param>
            <param index="2">
              <value>
                <![CDATA[org.testng.TestRunner@402a079c]]>
              </value>
            </param>
            <param index="3">
              <value>
                <![CDATA[[TestResult name=sampleServicesCityTest status=SUCCESS method=ServicesSampleTestIT.sampleServicesCityTest()[pri:0, instance:sample.ServicesSampleTestIT@643b1d11] output=SUCCESS | NONE | <a target='_blank' href='Demo Selenium Suite/sample_ServicesSampleTestIT_sampleServicesCityTestNONE.html'>sample_ServicesSampleTestIT_sampleServicesCityTest</a> | 0 seconds]]]>
              </value>
            </param>
          </params>
          <reporter-output>
          </reporter-output>
        </test-method> <!-- endTest -->
        <test-method status="PASS" signature="startTest([Ljava.lang.Object;, java.lang.reflect.Method, org.testng.ITestContext, org.testng.ITestResult)[pri:0, instance:sample.ServicesSampleTestIT@643b1d11]" name="startTest" is-config="true" duration-ms="1" started-at="2018-07-11T13:04:06Z" finished-at="2018-07-11T13:04:06Z">
          <params>
            <param index="0">
              <value>
                <![CDATA[[Ljava.lang.Object;@7085bdee]]>
              </value>
            </param>
            <param index="1">
              <value>
                <![CDATA[public void sample.ServicesSampleTestIT.sampleServicesZipCountryTest()]]>
              </value>
            </param>
            <param index="2">
              <value>
                <![CDATA[org.testng.TestRunner@402a079c]]>
              </value>
            </param>
            <param index="3">
              <value>
                <![CDATA[[TestResult name=sampleServicesZipCountryTest status=SUCCESS method=ServicesSampleTestIT.sampleServicesZipCountryTest()[pri:0, instance:sample.ServicesSampleTestIT@643b1d11] output=SUCCESS | NONE | <a target='_blank' href='Demo Selenium Suite/sample_ServicesSampleTestIT_sampleServicesZipCountryTestNONE.html'>sample_ServicesSampleTestIT_sampleServicesZipCountryTest</a> | 0 seconds]]]>
              </value>
            </param>
          </params>
          <reporter-output>
          </reporter-output>
        </test-method> <!-- startTest -->
        <test-method status="PASS" signature="sampleServicesZipCountryTest()[pri:0, instance:sample.ServicesSampleTestIT@643b1d11]" name="sampleServicesZipCountryTest" duration-ms="31" started-at="2018-07-11T13:04:06Z" description="A sample services test to verify the response code" finished-at="2018-07-11T13:04:06Z">
          <reporter-output>
            <line>
              <![CDATA[SUCCESS | NONE | <a target='_blank' href='Demo Selenium Suite/sample_ServicesSampleTestIT_sampleServicesZipCountryTestNONE.html'>sample_ServicesSampleTestIT_sampleServicesZipCountryTest</a> | 0 seconds]]>
            </line>
            <line>
              <![CDATA[SUCCESS | NONE | <a target='_blank' href='Demo Selenium Suite/sample_ServicesSampleTestIT_sampleServicesZipCountryTestNONE.html'>sample_ServicesSampleTestIT_sampleServicesZipCountryTest</a> | 0 seconds]]>
            </line>
          </reporter-output>
        </test-method> <!-- sampleServicesZipCountryTest -->
        <test-method status="PASS" signature="endTest([Ljava.lang.Object;, java.lang.reflect.Method, org.testng.ITestContext, org.testng.ITestResult)[pri:0, instance:sample.ServicesSampleTestIT@643b1d11]" name="endTest" is-config="true" duration-ms="0" started-at="2018-07-11T13:04:06Z" finished-at="2018-07-11T13:04:06Z">
          <params>
            <param index="0">
              <value>
                <![CDATA[[Ljava.lang.Object;@7085bdee]]>
              </value>
            </param>
            <param index="1">
              <value>
                <![CDATA[public void sample.ServicesSampleTestIT.sampleServicesZipCountryTest()]]>
              </value>
            </param>
            <param index="2">
              <value>
                <![CDATA[org.testng.TestRunner@402a079c]]>
              </value>
            </param>
            <param index="3">
              <value>
                <![CDATA[[TestResult name=sampleServicesZipCountryTest status=SUCCESS method=ServicesSampleTestIT.sampleServicesZipCountryTest()[pri:0, instance:sample.ServicesSampleTestIT@643b1d11] output=SUCCESS | NONE | <a target='_blank' href='Demo Selenium Suite/sample_ServicesSampleTestIT_sampleServicesZipCountryTestNONE.html'>sample_ServicesSampleTestIT_sampleServicesZipCountryTest</a> | 0 seconds]]]>
              </value>
            </param>
          </params>
          <reporter-output>
          </reporter-output>
        </test-method> <!-- endTest -->
      </class> <!-- sample.ServicesSampleTestIT -->
    </test> <!-- Demo Selenium Tests -->
  </suite> <!-- Demo Selenium Suite -->
</testng-results>
