<html>
<head>
<title>TestNG:  Demo Selenium Tests</title>
<link href="../testng.css" rel="stylesheet" type="text/css" />
<link href="../my-testng.css" rel="stylesheet" type="text/css" />

<style type="text/css">
.log { display: none;} 
.stack-trace { display: none;} 
</style>
<script type="text/javascript">
<!--
function flip(e) {
  current = e.style.display;
  if (current == 'block') {
    e.style.display = 'none';
    return 0;
  }
  else {
    e.style.display = 'block';
    return 1;
  }
}

function toggleBox(szDivId, elem, msg1, msg2)
{
  var res = -1;  if (document.getElementById) {
    res = flip(document.getElementById(szDivId));
  }
  else if (document.all) {
    // this is the way old msie versions work
    res = flip(document.all[szDivId]);
  }
  if(elem) {
    if(res == 0) elem.innerHTML = msg1; else elem.innerHTML = msg2;
  }

}

function toggleAllBoxes() {
  if (document.getElementsByTagName) {
    d = document.getElementsByTagName('div');
    for (i = 0; i < d.length; i++) {
      if (d[i].className == 'log') {
        flip(d[i]);
      }
    }
  }
}

// -->
</script>

</head>
<body>
<h2 align='center'>Demo Selenium Tests</h2><table border='1' align="center">
<tr>
<td>Tests passed/Failed/Skipped:</td><td>2/2/0</td>
</tr><tr>
<td>Started on:</td><td>Wed Jul 11 13:04:06 EDT 2018</td>
</tr>
<tr><td>Total time:</td><td>0 seconds (753 ms)</td>
</tr><tr>
<td>Included groups:</td><td>services </td>
</tr><tr>
<td>Excluded groups:</td><td></td>
</tr>
</table><p/>
<small><i>(Hover the method name to see the test class name)</i></small><p/>
<table width='100%' border='1' class='invocation-failed'>
<tr><td colspan='4' align='center'><b>FAILED TESTS</b></td></tr>
<tr><td><b>Test method</b></td>
<td width="30%"><b>Exception</b></td>
<td width="10%"><b>Time (seconds)</b></td>
<td><b>Instance</b></td>
</tr>
<tr>
<td title='sample.SampleServicesPost.sampleResponseCodePostsTest()'><b>sampleResponseCodePostsTest</b><br>Test class: sample.SampleServicesPost<br>Test method: A test to verify the response code <br/>
<a href="#Output-168156031" onClick='toggleBox("Output-168156031", this, "Show output", "Hide output");'>Show output</a>

<a href="#Output-168156031" onClick="toggleAllBoxes();">Show all outputs</a>
<div class='log' id="Output-168156031">
FAILURE | NONE | <a target='_blank' href='Demo Selenium Suite/sample_SampleServicesPost_sampleResponseCodePostsTestNONE.html'>sample_SampleServicesPost_sampleResponseCodePostsTest</a> | 0 seconds<br/>
FAILURE | NONE | <a target='_blank' href='Demo Selenium Suite/sample_SampleServicesPost_sampleResponseCodePostsTestNONE.html'>sample_SampleServicesPost_sampleResponseCodePostsTest</a> | 0 seconds<br/>
</div>
</td>
<td><div><pre>java.lang.AssertionError: Detailed results found at: sample_SampleServicesPost_sampleResponseCodePostsTestNONE.html expected:&lt;0 errors&gt; but was:&lt;1 errors&gt;
	at com.coveros.selenified.Selenified.finish(Selenified.java:373)
	at sample.SampleServicesPost.sampleResponseCodePostsTest(SampleServicesPost.java:49)
	at java.util.concurrent.FutureTask.run(FutureTask.java:266)
	at java.util.concurrent.ThreadPoolExecutor.runWorker(ThreadPoolExecutor.java:1142)
	at java.util.concurrent.ThreadPoolExecutor$Worker.run(ThreadPoolExecutor.java:617)
	at java.lang.Thread.run(Thread.java:745)
... Removed 17 stack frames</pre></div><a href='#' onClick='toggleBox("stack-trace168156031", this, "Click to show all stack frames", "Click to hide stack frames")'>Click to show all stack frames</a>
<div class='stack-trace' id='stack-trace168156031'><pre>java.lang.AssertionError: Detailed results found at: sample_SampleServicesPost_sampleResponseCodePostsTestNONE.html expected:&lt;0 errors&gt; but was:&lt;1 errors&gt;
	at org.testng.AssertJUnit.assertEquals(AssertJUnit.java:101)
	at com.coveros.selenified.Selenified.finish(Selenified.java:373)
	at sample.SampleServicesPost.sampleResponseCodePostsTest(SampleServicesPost.java:49)
	at sun.reflect.NativeMethodAccessorImpl.invoke0(Native Method)
	at sun.reflect.NativeMethodAccessorImpl.invoke(NativeMethodAccessorImpl.java:62)
	at sun.reflect.DelegatingMethodAccessorImpl.invoke(DelegatingMethodAccessorImpl.java:43)
	at java.lang.reflect.Method.invoke(Method.java:498)
	at org.testng.internal.MethodInvocationHelper.invokeMethod(MethodInvocationHelper.java:85)
	at org.testng.internal.Invoker.invokeMethod(Invoker.java:639)
	at org.testng.internal.Invoker.invokeTestMethod(Invoker.java:816)
	at org.testng.internal.Invoker.invokeTestMethods(Invoker.java:1124)
	at org.testng.internal.TestMethodWorker.invokeTestMethods(TestMethodWorker.java:125)
	at org.testng.internal.TestMethodWorker.run(TestMethodWorker.java:108)
	at org.testng.TestRunner.privateRun(TestRunner.java:774)
	at org.testng.TestRunner.run(TestRunner.java:624)
	at org.testng.SuiteRunner.runTest(SuiteRunner.java:359)
	at org.testng.SuiteRunner.access$000(SuiteRunner.java:39)
	at org.testng.SuiteRunner$SuiteWorker.run(SuiteRunner.java:393)
	at org.testng.internal.thread.ThreadUtil$2.call(ThreadUtil.java:64)
	at java.util.concurrent.FutureTask.run(FutureTask.java:266)
	at java.util.concurrent.ThreadPoolExecutor.runWorker(ThreadPoolExecutor.java:1142)
	at java.util.concurrent.ThreadPoolExecutor$Worker.run(ThreadPoolExecutor.java:617)
	at java.lang.Thread.run(Thread.java:745)
</pre></div></td>
<td>0</td>
<td>sample.SampleServicesPost@5034c75a</td></tr>
<tr>
<td title='sample.ServicesSampleTestIT.sampleServicesAddressTest()'><b>sampleServicesAddressTest</b><br>Test class: sample.ServicesSampleTestIT<br>Test method: A sample services test to verify the response code<br/>
<a href="#Output-794367523" onClick='toggleBox("Output-794367523", this, "Show output", "Hide output");'>Show output</a>

<a href="#Output-794367523" onClick="toggleAllBoxes();">Show all outputs</a>
<div class='log' id="Output-794367523">
FAILURE | NONE | <a target='_blank' href='Demo Selenium Suite/sample_ServicesSampleTestIT_sampleServicesAddressTestNONE.html'>sample_ServicesSampleTestIT_sampleServicesAddressTest</a> | 0 seconds<br/>
FAILURE | NONE | <a target='_blank' href='Demo Selenium Suite/sample_ServicesSampleTestIT_sampleServicesAddressTestNONE.html'>sample_ServicesSampleTestIT_sampleServicesAddressTest</a> | 0 seconds<br/>
</div>
</td>
<td><div><pre>java.lang.AssertionError: Detailed results found at: sample_ServicesSampleTestIT_sampleServicesAddressTestNONE.html expected:&lt;0 errors&gt; but was:&lt;1 errors&gt;
	at com.coveros.selenified.Selenified.finish(Selenified.java:358)
	at sample.ServicesSampleTestIT.sampleServicesAddressTest(ServicesSampleTestIT.java:53)
	at java.util.concurrent.FutureTask.run(FutureTask.java:266)
	at java.util.concurrent.ThreadPoolExecutor.runWorker(ThreadPoolExecutor.java:1142)
	at java.util.concurrent.ThreadPoolExecutor$Worker.run(ThreadPoolExecutor.java:617)
	at java.lang.Thread.run(Thread.java:745)
... Removed 17 stack frames</pre></div><a href='#' onClick='toggleBox("stack-trace794367523", this, "Click to show all stack frames", "Click to hide stack frames")'>Click to show all stack frames</a>
<div class='stack-trace' id='stack-trace794367523'><pre>java.lang.AssertionError: Detailed results found at: sample_ServicesSampleTestIT_sampleServicesAddressTestNONE.html expected:&lt;0 errors&gt; but was:&lt;1 errors&gt;
	at org.testng.AssertJUnit.assertEquals(AssertJUnit.java:101)
	at com.coveros.selenified.Selenified.finish(Selenified.java:358)
	at sample.ServicesSampleTestIT.sampleServicesAddressTest(ServicesSampleTestIT.java:53)
	at sun.reflect.NativeMethodAccessorImpl.invoke0(Native Method)
	at sun.reflect.NativeMethodAccessorImpl.invoke(NativeMethodAccessorImpl.java:62)
	at sun.reflect.DelegatingMethodAccessorImpl.invoke(DelegatingMethodAccessorImpl.java:43)
	at java.lang.reflect.Method.invoke(Method.java:498)
	at org.testng.internal.MethodInvocationHelper.invokeMethod(MethodInvocationHelper.java:85)
	at org.testng.internal.Invoker.invokeMethod(Invoker.java:639)
	at org.testng.internal.Invoker.invokeTestMethod(Invoker.java:816)
	at org.testng.internal.Invoker.invokeTestMethods(Invoker.java:1124)
	at org.testng.internal.TestMethodWorker.invokeTestMethods(TestMethodWorker.java:125)
	at org.testng.internal.TestMethodWorker.run(TestMethodWorker.java:108)
	at org.testng.TestRunner.privateRun(TestRunner.java:774)
	at org.testng.TestRunner.run(TestRunner.java:624)
	at org.testng.SuiteRunner.runTest(SuiteRunner.java:359)
	at org.testng.SuiteRunner.access$000(SuiteRunner.java:39)
	at org.testng.SuiteRunner$SuiteWorker.run(SuiteRunner.java:393)
	at org.testng.internal.thread.ThreadUtil$2.call(ThreadUtil.java:64)
	at java.util.concurrent.FutureTask.run(FutureTask.java:266)
	at java.util.concurrent.ThreadPoolExecutor.runWorker(ThreadPoolExecutor.java:1142)
	at java.util.concurrent.ThreadPoolExecutor$Worker.run(ThreadPoolExecutor.java:617)
	at java.lang.Thread.run(Thread.java:745)
</pre></div></td>
<td>0</td>
<td>sample.ServicesSampleTestIT@643b1d11</td></tr>
</table><p>
<table width='100%' border='1' class='invocation-passed'>
<tr><td colspan='4' align='center'><b>PASSED TESTS</b></td></tr>
<tr><td><b>Test method</b></td>
<td width="30%"><b>Exception</b></td>
<td width="10%"><b>Time (seconds)</b></td>
<td><b>Instance</b></td>
</tr>
<tr>
<td title='sample.ServicesSampleTestIT.sampleServicesCityTest()'><b>sampleServicesCityTest</b><br>Test class: sample.ServicesSampleTestIT<br>Test method: A sample services test to verify the response code<br/>
<a href="#Output-1190339848" onClick='toggleBox("Output-1190339848", this, "Show output", "Hide output");'>Show output</a>

<a href="#Output-1190339848" onClick="toggleAllBoxes();">Show all outputs</a>
<div class='log' id="Output-1190339848">
SUCCESS | NONE | <a target='_blank' href='Demo Selenium Suite/sample_ServicesSampleTestIT_sampleServicesCityTestNONE.html'>sample_ServicesSampleTestIT_sampleServicesCityTest</a> | 0 seconds<br/>
SUCCESS | NONE | <a target='_blank' href='Demo Selenium Suite/sample_ServicesSampleTestIT_sampleServicesCityTestNONE.html'>sample_ServicesSampleTestIT_sampleServicesCityTest</a> | 0 seconds<br/>
</div>
</td>
<td></td>
<td>0</td>
<td>sample.ServicesSampleTestIT@643b1d11</td></tr>
<tr>
<td title='sample.ServicesSampleTestIT.sampleServicesZipCountryTest()'><b>sampleServicesZipCountryTest</b><br>Test class: sample.ServicesSampleTestIT<br>Test method: A sample services test to verify the response code<br/>
<a href="#Output-2132498135" onClick='toggleBox("Output-2132498135", this, "Show output", "Hide output");'>Show output</a>

<a href="#Output-2132498135" onClick="toggleAllBoxes();">Show all outputs</a>
<div class='log' id="Output-2132498135">
SUCCESS | NONE | <a target='_blank' href='Demo Selenium Suite/sample_ServicesSampleTestIT_sampleServicesZipCountryTestNONE.html'>sample_ServicesSampleTestIT_sampleServicesZipCountryTest</a> | 0 seconds<br/>
SUCCESS | NONE | <a target='_blank' href='Demo Selenium Suite/sample_ServicesSampleTestIT_sampleServicesZipCountryTestNONE.html'>sample_ServicesSampleTestIT_sampleServicesZipCountryTest</a> | 0 seconds<br/>
</div>
</td>
<td></td>
<td>0</td>
<td>sample.ServicesSampleTestIT@643b1d11</td></tr>
</table><p>
</body>
</html>