<?xml version="1.0" encoding="UTF-8"?>
<!-- Generated by org.testng.reporters.JUnitXMLReporter -->
<testsuite hostname="Hammids-MacBook-Pro.local" name="Demo Selenium Tests" tests="4" failures="2" timestamp="11 Jul 2018 17:04:06 GMT" time="0.753" errors="0">
  <testcase name="sampleServicesAddressTest" time="0.159" classname="sample.ServicesSampleTestIT">
    <failure type="java.lang.AssertionError" message="Detailed results found at: sample_ServicesSampleTestIT_sampleServicesAddressTestNONE.html expected:&amp;lt;0 errors&amp;gt; but was:&amp;lt;1 errors&amp;gt;">
      <![CDATA[java.lang.AssertionError: Detailed results found at: sample_ServicesSampleTestIT_sampleServicesAddressTestNONE.html expected:<0 errors> but was:<1 errors>
	at com.coveros.selenified.Selenified.finish(Selenified.java:358)
	at sample.ServicesSampleTestIT.sampleServicesAddressTest(ServicesSampleTestIT.java:53)
	at java.util.concurrent.FutureTask.run(FutureTask.java:266)
	at java.util.concurrent.ThreadPoolExecutor.runWorker(ThreadPoolExecutor.java:1142)
	at java.util.concurrent.ThreadPoolExecutor$Worker.run(ThreadPoolExecutor.java:617)
	at java.lang.Thread.run(Thread.java:745)
... Removed 17 stack frames]]>
    </failure>
  </testcase> <!-- sampleServicesAddressTest -->
  <testcase name="sampleServicesCityTest" time="0.041" classname="sample.ServicesSampleTestIT"/>
  <testcase name="sampleServicesZipCountryTest" time="0.031" classname="sample.ServicesSampleTestIT"/>
  <testcase name="sampleResponseCodePostsTest" time="0.457" classname="sample.SampleServicesPost">
    <failure type="java.lang.AssertionError" message="Detailed results found at: sample_SampleServicesPost_sampleResponseCodePostsTestNONE.html expected:&amp;lt;0 errors&amp;gt; but was:&amp;lt;1 errors&amp;gt;">
      <![CDATA[java.lang.AssertionError: Detailed results found at: sample_SampleServicesPost_sampleResponseCodePostsTestNONE.html expected:<0 errors> but was:<1 errors>
	at com.coveros.selenified.Selenified.finish(Selenified.java:373)
	at sample.SampleServicesPost.sampleResponseCodePostsTest(SampleServicesPost.java:49)
	at java.util.concurrent.FutureTask.run(FutureTask.java:266)
	at java.util.concurrent.ThreadPoolExecutor.runWorker(ThreadPoolExecutor.java:1142)
	at java.util.concurrent.ThreadPoolExecutor$Worker.run(ThreadPoolExecutor.java:617)
	at java.lang.Thread.run(Thread.java:745)
... Removed 17 stack frames]]>
    </failure>
  </testcase> <!-- sampleResponseCodePostsTest -->
</testsuite> <!-- Demo Selenium Tests -->
